<?xml version="1.0" encoding="UTF-8"?>
<!-- Generated by org.testng.reporters.JUnitReportReporter -->
<testsuite skipped="0" hostname="DESKTOP-EME2PSH" name="orangeHRM.testcases.CreateUserFromAdmin" tests="3" failures="0" timestamp="10 Apr 2020 19:07:45 GMT" time="33.515" errors="0">
  <testcase name="verifyPage" time="3.138" classname="orangeHRM.testcases.CreateUserFromAdmin"/>
  <testcase name="loginToApplication" time="16.993" classname="orangeHRM.testcases.CreateUserFromAdmin"/>
  <testcase name="logoutFromApplication" time="13.384" classname="orangeHRM.testcases.CreateUserFromAdmin"/>
</testsuite> <!-- orangeHRM.testcases.CreateUserFromAdmin -->
