<?xml version="1.0" encoding="UTF-8"?>
<!-- Generated by org.testng.reporters.JUnitReportReporter -->
<testsuite skipped="0" hostname="DESKTOP-EME2PSH" name="orangeHRM.testcases.LoginScenarios" tests="3" failures="0" timestamp="10 Apr 2020 19:07:45 GMT" time="28.413" errors="0">
  <testcase name="verifyPage" time="2.198" classname="orangeHRM.testcases.LoginScenarios"/>
  <testcase name="loginToApplication" time="20.222" classname="orangeHRM.testcases.LoginScenarios"/>
  <testcase name="logoutFromApplication" time="5.993" classname="orangeHRM.testcases.LoginScenarios"/>
</testsuite> <!-- orangeHRM.testcases.LoginScenarios -->
